<?xml version="1.0" encoding="UTF-8"?>
<!-- Generated by org.testng.reporters.JUnitReportReporter -->
<testsuite hostname="DESKTOP-T7MPPON" failures="0" tests="1" name="com.testcases.Testcases" time="7.232" errors="0" timestamp="2023-09-23T18:03:11 IST" skipped="0">
  <testcase classname="com.testcases.Testcases" name="openbrowser" time="7.232"/>
</testsuite> <!-- com.testcases.Testcases -->
